Fri Jul 25 2014 00:09:19 GMT+0800 (ULAT):
{ [Error: read ECONNRESET]
  stack: [Getter/Setter],
  code: 'ECONNRESET',
  errno: 'ECONNRESET',
  syscall: 'read',
  __frame: 
   { name: 'doLogStream',
     line: 251,
     file: '/usr/lib/node_modules/azure-cli/lib/commands/asm/site.log._js',
     prev: 
      { name: '__2',
        line: 82,
        file: '/usr/lib/node_modules/azure-cli/lib/commands/asm/site.log._js',
        prev: undefined,
        active: false,
        offset: 14,
        col: 18 },
     active: false,
     offset: 8,
     col: 11 },
  rawStack: [Getter] }
Error: read ECONNRESET
    at errnoException (net.js:904:11)
    at TCP.onread (net.js:558:19)
    at doLogStream (/usr/lib/node_modules/azure-cli/lib/commands/asm/site.log._js:259:11)
    at __2 (/usr/lib/node_modules/azure-cli/lib/commands/asm/site.log._js:96:18)

